<?xml version="1.0" encoding="UTF-8"?>
<!-- Generated by org.testng.reporters.JUnitXMLReporter -->
<testsuite hostname="pragnya" name="tests1" tests="1" failures="1" timestamp="10 Sep 2014 10:10:31 GMT" time="16.364" errors="0">
  <testcase name="test" time="16.363" classname="tests.NewTest1">
    <failure type="java.lang.AssertionError" message="Email field is missing">
      <![CDATA[java.lang.AssertionError: Email field is missing
	at tests.NewTest1.test(NewTest1.java:44)
... Removed 24 stack frames]]>
    </failure>
  </testcase> <!-- test -->
</testsuite> <!-- tests1 -->
